<?xml version="1.0" encoding="UTF-8"?>
<!-- Generated by org.testng.reporters.JUnitXMLReporter -->
<testsuite ignored="0" hostname="DESKTOP-MLU27AJ" failures="0" tests="5" name="Test" time="62.483" errors="0" timestamp="2024-11-28T15:38:32 GST">
  <testcase classname="tests.FourTest" name="fourTest" time="9.263"/>
  <testcase classname="tests.TwoTest" name="twoTest" time="8.363"/>
  <testcase classname="tests.ThreeTest" name="threeTest" time="8.151"/>
  <testcase classname="tests.LoginTest" name="login" time="4.367"/>
  <testcase classname="tests.LoginTest" name="login" time="17.746"/>
</testsuite> <!-- Test -->
