<?xml version="1.0" encoding="UTF-8"?>
<!-- Generated by org.testng.reporters.JUnitXMLReporter -->
<testsuite ignored="0" hostname="DESKTOP-MLU27AJ" failures="0" tests="5" name="Test" time="38.607" errors="0" timestamp="2024-11-27T17:10:42 GST">
  <testcase classname="tests.FourTest" name="fourTest" time="0.005"/>
  <testcase classname="tests.TwoTest" name="twoTest" time="0.001"/>
  <testcase classname="tests.ThreeTest" name="threeTest" time="0.0"/>
  <testcase classname="tests.LoginTest" name="login" time="2.626"/>
  <testcase classname="tests.LoginTest" name="login" time="20.227"/>
</testsuite> <!-- Test -->
